Arguments: 
  /usr/bin/node /usr/share/yarn/bin/yarn.js add @babel/preset-typescript-D

PATH: 
  ./bin:./node_modules/.bin:/home/vanessa/.pyenv/bin:/home/vanessa/.rbenv/shims:/home/vanessa/.rbenv/bin:./bin:./node_modules/.bin:/home/vanessa/.pyenv/bin:/home/vanessa/.rbenv/shims:/home/vanessa/.rbenv/bin:/home/vanessa/.local/bin:/usr/local/sbin:/usr/local/bin:/usr/sbin:/usr/bin:/sbin:/bin:/usr/games:/usr/local/games:/snap/bin:/usr/local/sbin:/usr/local/sbin

Yarn version: 
  1.22.5

Node version: 
  14.15.5

Platform: 
  linux x64

Trace: 
  Error: https://registry.yarnpkg.com/@babel%2fpreset-typescript-D: Not found
      at Request.params.callback [as _callback] (/usr/share/yarn/lib/cli.js:66988:18)
      at Request.self.callback (/usr/share/yarn/lib/cli.js:140749:22)
      at Request.emit (events.js:315:20)
      at Request.<anonymous> (/usr/share/yarn/lib/cli.js:141721:10)
      at Request.emit (events.js:315:20)
      at IncomingMessage.<anonymous> (/usr/share/yarn/lib/cli.js:141643:12)
      at Object.onceWrapper (events.js:421:28)
      at IncomingMessage.emit (events.js:327:22)
      at endReadableNT (internal/streams/readable.js:1327:12)
      at processTicksAndRejections (internal/process/task_queues.js:80:21)

npm manifest: 
  {
    "name": "01-github-explorer",
    "version": "1.0.0",
    "main": "index.js",
    "license": "MIT",
    "dependencies": {
      "react": "^17.0.2",
      "react-dom": "^17.0.2"
    },
    "scripts": {
      "dev": "webpack serve",
      "build": "cross-env NODE_ENV=production webpack"
    },
    "devDependencies": {
      "@babel/cli": "^7.13.10",
      "@babel/core": "^7.13.10",
      "@babel/preset-env": "^7.13.12",
      "@babel/preset-react": "^7.12.13",
      "@babel/preset-typescript": "^7.13.0",
      "@pmmmwh/react-refresh-webpack-plugin": "^0.4.3",
      "@types/react": "^17.0.3",
      "@types/react-dom": "^17.0.3",
      "babel-loader": "^8.2.2",
      "cross-env": "^7.0.3",
      "css-loader": "^5.2.0",
      "html-webpack-plugin": "^5.3.1",
      "node-sass": "^5.0.0",
      "react-refresh": "^0.10.0",
      "sass-loader": "^11.0.1",
      "style-loader": "^2.0.0",
      "typescript": "^4.2.4",
      "webpack": "^5.30.0",
      "webpack-cli": "^4.6.0",
      "webpack-dev-server": "^3.11.2"
    }
  }

yarn manifest: 
  No manifest

Lockfile: 
  No lockfile
